<?xml version="1.0" encoding="UTF-8"?>
<!-- Generated by org.testng.reporters.JUnitReportReporter -->
<testsuite skipped="0" hostname="DESKTOP-10CTBKL" name="com.automation.test.SauceNavigationTest" tests="1" failures="0" timestamp="21 Nov 2021 23:54:58 GMT" time="13.223" errors="0">
  <testcase name="verifyUserCanNavigateToProductDetailPageFromHomePage" time="13.223" classname="com.automation.test.SauceNavigationTest"/>
</testsuite> <!-- com.automation.test.SauceNavigationTest -->
