<?xml version="1.0" encoding="UTF-8"?>
<!-- Generated by org.testng.reporters.JUnitReportReporter -->
<testsuite skipped="0" hostname="DESKTOP-10CTBKL" name="com.automation.test.SauceLoginTest" tests="2" failures="0" timestamp="28 Nov 2021 21:37:18 GMT" time="35.636" errors="0">
  <testcase name="verifyUserCannotDoLogin" time="7.884" classname="com.automation.test.SauceLoginTest"/>
  <testcase name="verifyUserCanAbleToLogin" time="27.752" classname="com.automation.test.SauceLoginTest"/>
</testsuite> <!-- com.automation.test.SauceLoginTest -->
