<?xml version="1.0" encoding="UTF-8"?>
<!-- Generated by org.testng.reporters.JUnitReportReporter -->
<testsuite skipped="0" hostname="DESKTOP-10CTBKL" name="com.automation.test.SauceLoginTest" tests="2" failures="0" timestamp="28 Nov 2021 01:58:56 GMT" time="9.793" errors="0">
  <testcase name="verifyUserCannotDoLogin" time="4.054" classname="com.automation.test.SauceLoginTest"/>
  <testcase name="verifyUserCanAbleToLogin" time="5.739" classname="com.automation.test.SauceLoginTest"/>
</testsuite> <!-- com.automation.test.SauceLoginTest -->
