<?xml version="1.0" encoding="UTF-8"?>
<!-- Generated by org.testng.reporters.JUnitReportReporter -->
<testsuite skipped="0" hostname="DESKTOP-10CTBKL" name="com.automation.test.SauceLoginTest" tests="1" failures="0" timestamp="22 Nov 2021 00:09:02 GMT" time="6.100" errors="0">
  <testcase name="verifyUserCanAbleToLogin" time="6.100" classname="com.automation.test.SauceLoginTest"/>
</testsuite> <!-- com.automation.test.SauceLoginTest -->
