<?xml version="1.0" encoding="UTF-8"?>
<!-- Generated by org.testng.reporters.JUnitReportReporter -->
<testsuite skipped="0" hostname="DESKTOP-10CTBKL" name="com.automation.test.SauceNavigationTest" tests="1" failures="0" timestamp="22 Nov 2021 00:09:41 GMT" time="6.520" errors="0">
  <testcase name="verifyUserCanNavigateToProductDetailPageFromHomePage" time="6.520" classname="com.automation.test.SauceNavigationTest"/>
</testsuite> <!-- com.automation.test.SauceNavigationTest -->
